2025-04-13 16:47:14,518 - INFO - Loaded preset: Fast Typist
2025-04-13 16:47:16,014 - INFO - Loaded preset: Beginner
2025-04-13 16:47:17,022 - INFO - Loaded preset: Professional
2025-04-13 16:47:19,174 - INFO - Loaded preset: Fast Typist
2025-04-13 16:47:20,126 - INFO - Loaded preset: Beginner
2025-04-13 16:47:23,382 - INFO - Loaded preset: Fast Typist
2025-04-13 16:47:24,182 - INFO - Loaded preset: Professional
2025-04-13 16:47:31,146 - INFO - Loaded file: C:/Users/Owner/Desktop/Auto_typer/your_text_file.txt
2025-04-13 16:47:34,707 - INFO - Saved file: C:/Users/Owner/Desktop/Auto_typer/your_text_file.txt
2025-04-13 16:47:35,794 - INFO - Editor cleared
2025-04-13 16:47:39,099 - INFO - Loaded file: C:/Users/Owner/Desktop/Auto_typer/your_text_file.txt
2025-04-13 16:47:55,981 - ERROR - Preview typing error: 'NoneType' object has no attribute 'update'
2025-04-13 16:47:55,987 - INFO - Preview window closed
2025-04-13 16:48:16,719 - ERROR - Preview typing error: 'NoneType' object has no attribute 'update'
2025-04-13 16:48:16,726 - INFO - Preview window closed
2025-04-13 16:48:27,215 - INFO - Configuration saved
2025-04-13 16:48:27,215 - INFO - Options reset to defaults
2025-04-13 16:48:32,799 - INFO - Configuration saved
2025-04-13 16:48:32,799 - INFO - Options reset to defaults
2025-04-13 16:48:34,416 - INFO - Loaded preset: Beginner
2025-04-13 16:48:35,479 - INFO - Loaded preset: Fast Typist
2025-04-13 16:48:36,631 - INFO - Loaded preset: Professional
2025-04-13 16:48:37,689 - INFO - Configuration saved
2025-04-13 16:48:38,071 - INFO - Configuration saved
2025-04-13 16:48:38,232 - INFO - Configuration saved
2025-04-13 16:48:38,703 - INFO - Configuration saved
2025-04-13 16:48:39,416 - INFO - Configuration saved
2025-04-13 16:48:39,416 - INFO - Options reset to defaults
2025-04-13 16:48:39,967 - INFO - Configuration saved
2025-04-13 16:48:39,967 - INFO - Options reset to defaults
2025-04-13 16:48:41,472 - INFO - Configuration saved
2025-04-13 16:48:41,490 - INFO - Application closed
2025-04-13 16:48:54,646 - INFO - Configuration loaded
2025-04-13 16:48:59,504 - INFO - Configuration saved
2025-04-13 16:48:59,504 - INFO - Options reset to defaults
2025-04-13 16:49:00,104 - INFO - Configuration saved
2025-04-13 16:49:00,104 - INFO - Options reset to defaults
2025-04-13 16:49:01,288 - INFO - Configuration saved
2025-04-13 16:49:01,288 - INFO - Options reset to defaults
2025-04-13 16:49:02,297 - INFO - Loaded preset: Beginner
2025-04-13 16:49:02,752 - INFO - Configuration saved
2025-04-13 16:49:02,753 - INFO - Options reset to defaults
2025-04-13 16:49:09,531 - INFO - Loaded file: C:/Users/Owner/Desktop/Auto_typer/your_text_file.txt
2025-04-13 16:49:10,840 - INFO - Configuration saved
2025-04-13 16:49:10,840 - INFO - Options reset to defaults
2025-04-13 16:49:12,257 - INFO - Loaded preset: Beginner
2025-04-13 16:49:14,800 - INFO - Loaded preset: Professional
2025-04-13 16:49:15,410 - INFO - Configuration saved
2025-04-13 16:49:15,696 - INFO - Configuration saved
2025-04-13 16:49:15,696 - INFO - Options reset to defaults
2025-04-13 16:49:15,977 - INFO - Configuration saved
2025-04-13 16:49:15,977 - INFO - Options reset to defaults
2025-04-13 16:49:16,200 - INFO - Configuration saved
2025-04-13 16:49:16,200 - INFO - Options reset to defaults
2025-04-13 16:49:17,081 - INFO - Loaded preset: Fast Typist
2025-04-13 16:49:18,233 - INFO - Configuration saved
2025-04-13 16:49:18,233 - INFO - Options reset to defaults
2025-04-13 16:49:18,409 - INFO - Configuration saved
2025-04-13 16:49:18,409 - INFO - Options reset to defaults
2025-04-13 16:49:19,464 - INFO - Loaded preset: Beginner
2025-04-13 16:49:23,840 - INFO - Configuration saved
2025-04-13 16:49:30,162 - INFO - Loaded preset: Fast Typist
2025-04-13 16:49:35,353 - INFO - Loaded preset: Beginner
2025-04-13 16:49:55,001 - INFO - Configuration saved
2025-04-13 16:49:55,489 - INFO - Configuration saved
2025-04-13 16:49:55,650 - INFO - Configuration saved
2025-04-13 16:49:56,034 - INFO - Configuration saved
2025-04-13 16:49:56,193 - INFO - Configuration saved
2025-04-13 16:49:56,394 - INFO - Configuration saved
2025-04-13 16:50:04,238 - INFO - Preview window closed
2025-04-13 16:50:04,272 - ERROR - Preview typing error: 'NoneType' object has no attribute 'config'
2025-04-13 16:50:04,319 - ERROR - Preview typing error: 'NoneType' object has no attribute 'config'
2025-04-13 16:50:15,164 - INFO - Configuration saved
2025-04-13 16:50:15,193 - INFO - Application closed
2025-04-13 16:50:43,256 - INFO - Configuration loaded
2025-04-13 16:51:25,316 - INFO - Configuration saved
2025-04-13 16:51:25,316 - INFO - Options reset to defaults
2025-04-13 16:51:25,476 - INFO - Configuration saved
2025-04-13 16:51:25,476 - INFO - Options reset to defaults
2025-04-13 16:51:25,771 - INFO - Configuration saved
2025-04-13 16:51:25,771 - INFO - Options reset to defaults
2025-04-13 16:51:25,947 - INFO - Configuration saved
2025-04-13 16:51:25,947 - INFO - Options reset to defaults
2025-04-13 16:51:26,148 - INFO - Configuration saved
2025-04-13 16:51:26,148 - INFO - Options reset to defaults
2025-04-13 16:51:27,269 - INFO - Loaded preset: Fast Typist
2025-04-13 16:51:27,883 - INFO - Configuration saved
2025-04-13 16:51:27,883 - INFO - Options reset to defaults
2025-04-13 16:51:28,060 - INFO - Configuration saved
2025-04-13 16:51:28,060 - INFO - Options reset to defaults
2025-04-13 16:51:28,228 - INFO - Configuration saved
2025-04-13 16:51:28,228 - INFO - Options reset to defaults
2025-04-13 16:51:28,396 - INFO - Configuration saved
2025-04-13 16:51:28,396 - INFO - Options reset to defaults
2025-04-13 16:51:32,557 - INFO - Loaded preset: Professional
2025-04-13 16:51:33,397 - INFO - Loaded preset: Beginner
2025-04-13 16:51:34,373 - INFO - Loaded preset: Fast Typist
2025-04-13 16:52:48,374 - INFO - Configuration saved
2025-04-13 16:52:48,396 - INFO - Application closed
2025-04-13 16:59:23,384 - ERROR - Error updating slider delay_var: 'AutoTyperApp' object has no attribute 'typo_var'
2025-04-13 16:59:23,385 - ERROR - Error updating slider typo_var: 'AutoTyperApp' object has no attribute 'delete_var'
2025-04-13 16:59:23,386 - ERROR - Error updating slider delete_var: 'AutoTyperApp' object has no attribute 'pause_var'
2025-04-13 16:59:23,386 - ERROR - Error updating slider pause_var: 'AutoTyperApp' object has no attribute 'hotkey_entry'
2025-04-13 16:59:23,419 - INFO - Configuration saved
2025-04-13 16:59:23,419 - INFO - Shortcuts updated
2025-04-13 16:59:23,424 - INFO - Configuration saved
2025-04-13 16:59:23,425 - INFO - Configuration saved
2025-04-13 16:59:23,425 - INFO - Configuration saved
2025-04-13 16:59:23,426 - INFO - Configuration saved
2025-04-13 16:59:23,426 - INFO - Configuration saved
2025-04-13 16:59:23,426 - INFO - Window size changed to 800x900
2025-04-13 16:59:23,426 - INFO - Configuration saved
2025-04-13 16:59:23,426 - INFO - Shortcuts updated
2025-04-13 16:59:23,426 - INFO - Configuration loaded
2025-04-13 16:59:30,361 - INFO - Configuration saved
2025-04-13 16:59:30,361 - INFO - Window size changed to 1280x720
2025-04-13 16:59:44,864 - INFO - Configuration saved
2025-04-13 16:59:44,864 - INFO - Shortcuts updated
2025-04-13 16:59:49,167 - INFO - Configuration saved
2025-04-13 16:59:49,168 - INFO - Configuration saved
2025-04-13 16:59:49,168 - INFO - Configuration saved
2025-04-13 16:59:49,168 - INFO - Configuration saved
2025-04-13 16:59:49,169 - INFO - Configuration saved
2025-04-13 16:59:49,169 - INFO - Shortcuts updated
2025-04-13 16:59:49,169 - INFO - Configuration saved
2025-04-13 16:59:49,169 - INFO - Window size changed to 800x900
2025-04-13 16:59:49,169 - INFO - Configuration saved
2025-04-13 16:59:49,169 - INFO - Options reset to defaults
2025-04-13 16:59:51,073 - INFO - Configuration saved
2025-04-13 16:59:51,073 - INFO - Window size changed to 1024x768
2025-04-13 17:00:03,065 - INFO - Configuration saved
2025-04-13 17:00:03,066 - INFO - Window size changed to 1280x720
2025-04-13 17:00:04,905 - INFO - Configuration saved
2025-04-13 17:00:04,905 - INFO - Window size changed to 1024x768
2025-04-13 17:00:05,954 - INFO - Configuration saved
2025-04-13 17:00:05,954 - INFO - Window size changed to 800x900
2025-04-13 17:00:29,343 - INFO - Loaded file: C:/Users/Owner/Desktop/Auto_typer/your_text_file.txt
2025-04-13 17:00:39,601 - INFO - Preview window closed
2025-04-13 17:00:50,369 - INFO - Configuration saved
2025-04-13 17:00:50,376 - INFO - Configuration saved
2025-04-13 17:00:50,384 - INFO - Configuration saved
2025-04-13 17:00:50,392 - INFO - Configuration saved
2025-04-13 17:00:50,400 - INFO - Configuration saved
2025-04-13 17:00:50,408 - INFO - Configuration saved
2025-04-13 17:00:50,416 - INFO - Configuration saved
2025-04-13 17:00:50,425 - INFO - Configuration saved
2025-04-13 17:00:50,433 - INFO - Configuration saved
2025-04-13 17:00:50,441 - INFO - Configuration saved
2025-04-13 17:00:50,449 - INFO - Configuration saved
2025-04-13 17:00:50,457 - INFO - Configuration saved
2025-04-13 17:00:50,465 - INFO - Configuration saved
2025-04-13 17:00:50,473 - INFO - Configuration saved
2025-04-13 17:00:50,481 - INFO - Configuration saved
2025-04-13 17:00:50,489 - INFO - Configuration saved
2025-04-13 17:00:50,497 - INFO - Configuration saved
2025-04-13 17:00:50,505 - INFO - Configuration saved
2025-04-13 17:00:50,536 - INFO - Configuration saved
2025-04-13 17:00:50,544 - INFO - Configuration saved
2025-04-13 17:00:50,552 - INFO - Configuration saved
2025-04-13 17:00:50,560 - INFO - Configuration saved
2025-04-13 17:00:50,568 - INFO - Configuration saved
2025-04-13 17:00:50,576 - INFO - Configuration saved
2025-04-13 17:00:50,584 - INFO - Configuration saved
2025-04-13 17:00:50,592 - INFO - Configuration saved
2025-04-13 17:00:50,600 - INFO - Configuration saved
2025-04-13 17:00:50,608 - INFO - Configuration saved
2025-04-13 17:00:50,616 - INFO - Configuration saved
2025-04-13 17:00:50,641 - INFO - Configuration saved
2025-04-13 17:00:50,744 - INFO - Configuration saved
2025-04-13 17:00:50,752 - INFO - Configuration saved
2025-04-13 17:00:50,760 - INFO - Configuration saved
2025-04-13 17:00:50,768 - INFO - Configuration saved
2025-04-13 17:00:50,776 - INFO - Configuration saved
2025-04-13 17:00:50,784 - INFO - Configuration saved
2025-04-13 17:00:50,792 - INFO - Configuration saved
2025-04-13 17:00:50,800 - INFO - Configuration saved
2025-04-13 17:00:50,808 - INFO - Configuration saved
2025-04-13 17:00:50,816 - INFO - Configuration saved
2025-04-13 17:00:50,824 - INFO - Configuration saved
2025-04-13 17:00:50,833 - INFO - Configuration saved
2025-04-13 17:00:50,840 - INFO - Configuration saved
2025-04-13 17:00:50,849 - INFO - Configuration saved
2025-04-13 17:00:50,857 - INFO - Configuration saved
2025-04-13 17:00:50,865 - INFO - Configuration saved
2025-04-13 17:00:50,873 - INFO - Configuration saved
2025-04-13 17:00:50,881 - INFO - Configuration saved
2025-04-13 17:00:50,889 - INFO - Configuration saved
2025-04-13 17:00:50,896 - INFO - Configuration saved
2025-04-13 17:00:50,904 - INFO - Configuration saved
2025-04-13 17:00:50,912 - INFO - Configuration saved
2025-04-13 17:00:50,920 - INFO - Configuration saved
2025-04-13 17:00:50,929 - INFO - Configuration saved
2025-04-13 17:00:50,937 - INFO - Configuration saved
2025-04-13 17:00:50,945 - INFO - Configuration saved
2025-04-13 17:00:50,953 - INFO - Configuration saved
2025-04-13 17:00:50,962 - INFO - Configuration saved
2025-04-13 17:00:50,969 - INFO - Configuration saved
2025-04-13 17:00:50,977 - INFO - Configuration saved
2025-04-13 17:00:50,985 - INFO - Configuration saved
2025-04-13 17:00:50,994 - INFO - Configuration saved
2025-04-13 17:00:51,001 - INFO - Configuration saved
2025-04-13 17:00:51,009 - INFO - Configuration saved
2025-04-13 17:00:51,017 - INFO - Configuration saved
2025-04-13 17:00:51,024 - INFO - Configuration saved
2025-04-13 17:00:51,033 - INFO - Configuration saved
2025-04-13 17:00:51,040 - INFO - Configuration saved
2025-04-13 17:00:51,169 - INFO - Configuration saved
2025-04-13 17:00:51,224 - INFO - Configuration saved
2025-04-13 17:00:51,232 - INFO - Configuration saved
2025-04-13 17:00:51,241 - INFO - Configuration saved
2025-04-13 17:00:51,248 - INFO - Configuration saved
2025-04-13 17:00:51,256 - INFO - Configuration saved
2025-04-13 17:00:51,264 - INFO - Configuration saved
2025-04-13 17:00:51,272 - INFO - Configuration saved
2025-04-13 17:00:51,280 - INFO - Configuration saved
2025-04-13 17:00:51,288 - INFO - Configuration saved
2025-04-13 17:00:51,296 - INFO - Configuration saved
2025-04-13 17:00:51,304 - INFO - Configuration saved
2025-04-13 17:00:51,312 - INFO - Configuration saved
2025-04-13 17:00:51,320 - INFO - Configuration saved
2025-04-13 17:00:51,329 - INFO - Configuration saved
2025-04-13 17:00:51,337 - INFO - Configuration saved
2025-04-13 17:00:51,345 - INFO - Configuration saved
2025-04-13 17:00:51,353 - INFO - Configuration saved
2025-04-13 17:00:51,361 - INFO - Configuration saved
2025-04-13 17:00:51,369 - INFO - Configuration saved
2025-04-13 17:00:51,377 - INFO - Configuration saved
2025-04-13 17:00:51,385 - INFO - Configuration saved
2025-04-13 17:00:51,393 - INFO - Configuration saved
2025-04-13 17:00:51,401 - INFO - Configuration saved
2025-04-13 17:00:51,409 - INFO - Configuration saved
2025-04-13 17:00:51,417 - INFO - Configuration saved
2025-04-13 17:00:51,424 - INFO - Configuration saved
2025-04-13 17:00:51,432 - INFO - Configuration saved
2025-04-13 17:00:51,440 - INFO - Configuration saved
2025-04-13 17:00:51,448 - INFO - Configuration saved
2025-04-13 17:00:51,456 - INFO - Configuration saved
2025-04-13 17:00:51,464 - INFO - Configuration saved
2025-04-13 17:00:51,472 - INFO - Configuration saved
2025-04-13 17:00:51,480 - INFO - Configuration saved
2025-04-13 17:00:51,488 - INFO - Configuration saved
2025-04-13 17:00:51,496 - INFO - Configuration saved
2025-04-13 17:00:51,504 - INFO - Configuration saved
2025-04-13 17:00:51,512 - INFO - Configuration saved
2025-04-13 17:00:51,520 - INFO - Configuration saved
2025-04-13 17:00:51,529 - INFO - Configuration saved
2025-04-13 17:00:51,537 - INFO - Configuration saved
2025-04-13 17:00:51,545 - INFO - Configuration saved
2025-04-13 17:00:51,552 - INFO - Configuration saved
2025-04-13 17:00:51,561 - INFO - Configuration saved
2025-04-13 17:00:51,569 - INFO - Configuration saved
2025-04-13 17:00:51,577 - INFO - Configuration saved
2025-04-13 17:00:51,585 - INFO - Configuration saved
2025-04-13 17:00:51,593 - INFO - Configuration saved
2025-04-13 17:00:51,601 - INFO - Configuration saved
2025-04-13 17:00:51,608 - INFO - Configuration saved
2025-04-13 17:00:51,617 - INFO - Configuration saved
2025-04-13 17:00:51,624 - INFO - Configuration saved
2025-04-13 17:00:51,632 - INFO - Configuration saved
2025-04-13 17:00:51,640 - INFO - Configuration saved
2025-04-13 17:00:51,648 - INFO - Configuration saved
2025-04-13 17:00:51,656 - INFO - Configuration saved
2025-04-13 17:00:51,664 - INFO - Configuration saved
2025-04-13 17:00:51,680 - INFO - Configuration saved
2025-04-13 17:00:51,696 - INFO - Configuration saved
2025-04-13 17:00:51,712 - INFO - Configuration saved
2025-04-13 17:00:51,832 - INFO - Configuration saved
2025-04-13 17:00:51,840 - INFO - Configuration saved
2025-04-13 17:00:51,848 - INFO - Configuration saved
2025-04-13 17:00:51,856 - INFO - Configuration saved
2025-04-13 17:00:51,864 - INFO - Configuration saved
2025-04-13 17:00:51,872 - INFO - Configuration saved
2025-04-13 17:00:51,880 - INFO - Configuration saved
2025-04-13 17:00:51,888 - INFO - Configuration saved
2025-04-13 17:00:51,896 - INFO - Configuration saved
2025-04-13 17:00:51,904 - INFO - Configuration saved
2025-04-13 17:00:51,912 - INFO - Configuration saved
2025-04-13 17:00:51,920 - INFO - Configuration saved
2025-04-13 17:00:51,929 - INFO - Configuration saved
2025-04-13 17:00:51,936 - INFO - Configuration saved
2025-04-13 17:00:51,945 - INFO - Configuration saved
2025-04-13 17:00:51,952 - INFO - Configuration saved
2025-04-13 17:00:51,960 - INFO - Configuration saved
2025-04-13 17:00:51,968 - INFO - Configuration saved
2025-04-13 17:00:51,977 - INFO - Configuration saved
2025-04-13 17:00:51,984 - INFO - Configuration saved
2025-04-13 17:00:51,992 - INFO - Configuration saved
2025-04-13 17:00:52,000 - INFO - Configuration saved
2025-04-13 17:00:52,008 - INFO - Configuration saved
2025-04-13 17:00:52,016 - INFO - Configuration saved
2025-04-13 17:00:52,025 - INFO - Configuration saved
2025-04-13 17:00:52,033 - INFO - Configuration saved
2025-04-13 17:00:52,041 - INFO - Configuration saved
2025-04-13 17:00:52,049 - INFO - Configuration saved
2025-04-13 17:00:52,057 - INFO - Configuration saved
2025-04-13 17:00:52,065 - INFO - Configuration saved
2025-04-13 17:00:52,073 - INFO - Configuration saved
2025-04-13 17:00:52,081 - INFO - Configuration saved
2025-04-13 17:00:52,089 - INFO - Configuration saved
2025-04-13 17:00:52,097 - INFO - Configuration saved
2025-04-13 17:00:52,105 - INFO - Configuration saved
2025-04-13 17:00:52,113 - INFO - Configuration saved
2025-04-13 17:00:52,121 - INFO - Configuration saved
2025-04-13 17:00:52,128 - INFO - Configuration saved
2025-04-13 17:00:52,137 - INFO - Configuration saved
2025-04-13 17:00:52,145 - INFO - Configuration saved
2025-04-13 17:00:52,153 - INFO - Configuration saved
2025-04-13 17:00:52,161 - INFO - Configuration saved
2025-04-13 17:00:52,169 - INFO - Configuration saved
2025-04-13 17:00:52,177 - INFO - Configuration saved
2025-04-13 17:00:52,184 - INFO - Configuration saved
2025-04-13 17:00:52,192 - INFO - Configuration saved
2025-04-13 17:00:52,200 - INFO - Configuration saved
2025-04-13 17:00:52,208 - INFO - Configuration saved
2025-04-13 17:00:52,216 - INFO - Configuration saved
2025-04-13 17:00:52,224 - INFO - Configuration saved
2025-04-13 17:00:52,232 - INFO - Configuration saved
2025-04-13 17:00:52,240 - INFO - Configuration saved
2025-04-13 17:00:52,265 - INFO - Configuration saved
2025-04-13 17:00:52,281 - INFO - Configuration saved
2025-04-13 17:00:52,304 - INFO - Configuration saved
2025-04-13 17:00:52,320 - INFO - Configuration saved
2025-04-13 17:00:52,345 - INFO - Configuration saved
2025-04-13 17:00:52,353 - INFO - Configuration saved
2025-04-13 17:00:52,361 - INFO - Configuration saved
2025-04-13 17:00:52,369 - INFO - Configuration saved
2025-04-13 17:00:52,377 - INFO - Configuration saved
2025-04-13 17:00:52,385 - INFO - Configuration saved
2025-04-13 17:00:52,393 - INFO - Configuration saved
2025-04-13 17:00:52,401 - INFO - Configuration saved
2025-04-13 17:00:52,409 - INFO - Configuration saved
2025-04-13 17:00:52,417 - INFO - Configuration saved
2025-04-13 17:00:52,424 - INFO - Configuration saved
2025-04-13 17:00:52,432 - INFO - Configuration saved
2025-04-13 17:00:52,440 - INFO - Configuration saved
2025-04-13 17:00:52,448 - INFO - Configuration saved
2025-04-13 17:00:52,456 - INFO - Configuration saved
2025-04-13 17:00:52,464 - INFO - Configuration saved
2025-04-13 17:00:52,472 - INFO - Configuration saved
2025-04-13 17:00:52,480 - INFO - Configuration saved
2025-04-13 17:00:52,488 - INFO - Configuration saved
2025-04-13 17:00:52,496 - INFO - Configuration saved
2025-04-13 17:00:52,504 - INFO - Configuration saved
2025-04-13 17:00:52,512 - INFO - Configuration saved
2025-04-13 17:00:52,520 - INFO - Configuration saved
2025-04-13 17:00:52,529 - INFO - Configuration saved
2025-04-13 17:00:52,537 - INFO - Configuration saved
2025-04-13 17:00:52,545 - INFO - Configuration saved
2025-04-13 17:00:52,553 - INFO - Configuration saved
2025-04-13 17:00:52,561 - INFO - Configuration saved
2025-04-13 17:00:52,569 - INFO - Configuration saved
2025-04-13 17:00:52,577 - INFO - Configuration saved
2025-04-13 17:00:52,585 - INFO - Configuration saved
2025-04-13 17:00:52,593 - INFO - Configuration saved
2025-04-13 17:00:52,601 - INFO - Configuration saved
2025-04-13 17:00:52,609 - INFO - Configuration saved
2025-04-13 17:00:52,617 - INFO - Configuration saved
2025-04-13 17:00:52,624 - INFO - Configuration saved
2025-04-13 17:00:52,632 - INFO - Configuration saved
2025-04-13 17:00:52,640 - INFO - Configuration saved
2025-04-13 17:00:52,648 - INFO - Configuration saved
2025-04-13 17:00:52,656 - INFO - Configuration saved
2025-04-13 17:00:52,664 - INFO - Configuration saved
2025-04-13 17:00:52,672 - INFO - Configuration saved
2025-04-13 17:00:52,680 - INFO - Configuration saved
2025-04-13 17:00:52,688 - INFO - Configuration saved
2025-04-13 17:00:52,696 - INFO - Configuration saved
2025-04-13 17:00:52,704 - INFO - Configuration saved
2025-04-13 17:00:52,713 - INFO - Configuration saved
2025-04-13 17:00:52,721 - INFO - Configuration saved
2025-04-13 17:00:52,729 - INFO - Configuration saved
2025-04-13 17:00:52,737 - INFO - Configuration saved
2025-04-13 17:00:52,745 - INFO - Configuration saved
2025-04-13 17:00:52,753 - INFO - Configuration saved
2025-04-13 17:00:52,761 - INFO - Configuration saved
2025-04-13 17:00:54,105 - INFO - Configuration saved
2025-04-13 17:00:54,112 - INFO - Configuration saved
2025-04-13 17:00:54,120 - INFO - Configuration saved
2025-04-13 17:00:54,129 - INFO - Configuration saved
2025-04-13 17:00:54,137 - INFO - Configuration saved
2025-04-13 17:00:54,145 - INFO - Configuration saved
2025-04-13 17:00:54,153 - INFO - Configuration saved
2025-04-13 17:00:54,161 - INFO - Configuration saved
2025-04-13 17:00:54,169 - INFO - Configuration saved
2025-04-13 17:00:54,177 - INFO - Configuration saved
2025-04-13 17:00:54,185 - INFO - Configuration saved
2025-04-13 17:00:54,193 - INFO - Configuration saved
2025-04-13 17:00:54,201 - INFO - Configuration saved
2025-04-13 17:00:54,209 - INFO - Configuration saved
2025-04-13 17:00:54,217 - INFO - Configuration saved
2025-04-13 17:00:54,224 - INFO - Configuration saved
2025-04-13 17:00:54,232 - INFO - Configuration saved
2025-04-13 17:00:54,240 - INFO - Configuration saved
2025-04-13 17:00:54,248 - INFO - Configuration saved
2025-04-13 17:00:54,377 - INFO - Configuration saved
2025-04-13 17:00:54,385 - INFO - Configuration saved
2025-04-13 17:00:54,393 - INFO - Configuration saved
2025-04-13 17:00:54,401 - INFO - Configuration saved
2025-04-13 17:00:54,409 - INFO - Configuration saved
2025-04-13 17:00:54,417 - INFO - Configuration saved
2025-04-13 17:00:54,424 - INFO - Configuration saved
2025-04-13 17:00:54,432 - INFO - Configuration saved
2025-04-13 17:00:54,440 - INFO - Configuration saved
2025-04-13 17:00:54,448 - INFO - Configuration saved
2025-04-13 17:00:54,456 - INFO - Configuration saved
2025-04-13 17:00:54,465 - INFO - Configuration saved
2025-04-13 17:00:54,472 - INFO - Configuration saved
2025-04-13 17:00:54,481 - INFO - Configuration saved
2025-04-13 17:00:54,488 - INFO - Configuration saved
2025-04-13 17:00:54,497 - INFO - Configuration saved
2025-04-13 17:00:54,505 - INFO - Configuration saved
2025-04-13 17:00:54,513 - INFO - Configuration saved
2025-04-13 17:00:54,520 - INFO - Configuration saved
2025-04-13 17:00:54,529 - INFO - Configuration saved
2025-04-13 17:00:54,537 - INFO - Configuration saved
2025-04-13 17:00:55,882 - INFO - Configuration saved
2025-04-13 17:00:55,883 - INFO - Configuration saved
2025-04-13 17:00:55,883 - INFO - Configuration saved
2025-04-13 17:00:55,884 - INFO - Configuration saved
2025-04-13 17:00:55,884 - INFO - Loaded preset: Beginner
2025-04-13 17:00:55,884 - INFO - Configuration saved
2025-04-13 17:00:56,866 - INFO - Configuration saved
2025-04-13 17:00:56,866 - INFO - Configuration saved
2025-04-13 17:00:56,866 - INFO - Configuration saved
2025-04-13 17:00:56,867 - INFO - Configuration saved
2025-04-13 17:00:56,867 - INFO - Loaded preset: Professional
2025-04-13 17:00:56,867 - INFO - Configuration saved
2025-04-13 17:00:57,698 - INFO - Configuration saved
2025-04-13 17:00:57,699 - INFO - Configuration saved
2025-04-13 17:00:57,699 - INFO - Configuration saved
2025-04-13 17:00:57,699 - INFO - Configuration saved
2025-04-13 17:00:57,699 - INFO - Loaded preset: Fast Typist
2025-04-13 17:00:57,700 - INFO - Configuration saved
2025-04-13 17:02:13,427 - INFO - Typing session ended. Typing Statistics:
WPM: 24.8
Chars: 205
Duration: 21.8s
2025-04-13 17:02:27,907 - INFO - Configuration saved
2025-04-13 17:02:27,915 - INFO - Configuration saved
2025-04-13 17:02:27,923 - INFO - Configuration saved
2025-04-13 17:02:27,931 - INFO - Configuration saved
2025-04-13 17:02:27,938 - INFO - Configuration saved
2025-04-13 17:02:27,946 - INFO - Configuration saved
2025-04-13 17:02:27,954 - INFO - Configuration saved
2025-04-13 17:02:27,963 - INFO - Configuration saved
2025-04-13 17:02:27,970 - INFO - Configuration saved
2025-04-13 17:02:27,979 - INFO - Configuration saved
2025-04-13 17:02:27,987 - INFO - Configuration saved
2025-04-13 17:02:27,995 - INFO - Configuration saved
2025-04-13 17:02:28,003 - INFO - Configuration saved
2025-04-13 17:02:28,011 - INFO - Configuration saved
2025-04-13 17:02:28,283 - INFO - Configuration saved
2025-04-13 17:02:28,291 - INFO - Configuration saved
2025-04-13 17:02:28,299 - INFO - Configuration saved
2025-04-13 17:02:28,307 - INFO - Configuration saved
2025-04-13 17:02:28,315 - INFO - Configuration saved
2025-04-13 17:02:28,323 - INFO - Configuration saved
2025-04-13 17:02:28,331 - INFO - Configuration saved
2025-04-13 17:02:28,339 - INFO - Configuration saved
2025-04-13 17:02:28,347 - INFO - Configuration saved
2025-04-13 17:02:28,355 - INFO - Configuration saved
2025-04-13 17:02:28,363 - INFO - Configuration saved
2025-04-13 17:02:28,371 - INFO - Configuration saved
2025-04-13 17:02:28,379 - INFO - Configuration saved
2025-04-13 17:02:28,387 - INFO - Configuration saved
2025-04-13 17:02:28,395 - INFO - Configuration saved
2025-04-13 17:02:28,404 - INFO - Configuration saved
2025-04-13 17:02:28,835 - INFO - Configuration saved
2025-04-13 17:02:28,859 - INFO - Configuration saved
2025-04-13 17:02:28,867 - INFO - Configuration saved
2025-04-13 17:02:28,875 - INFO - Configuration saved
2025-04-13 17:02:28,883 - INFO - Configuration saved
2025-04-13 17:02:28,891 - INFO - Configuration saved
2025-04-13 17:02:28,899 - INFO - Configuration saved
2025-04-13 17:02:28,907 - INFO - Configuration saved
2025-04-13 17:02:28,915 - INFO - Configuration saved
2025-04-13 17:02:28,923 - INFO - Configuration saved
2025-04-13 17:02:28,932 - INFO - Configuration saved
2025-04-13 17:02:28,939 - INFO - Configuration saved
2025-04-13 17:02:28,947 - INFO - Configuration saved
2025-04-13 17:02:28,955 - INFO - Configuration saved
2025-04-13 17:02:28,963 - INFO - Configuration saved
2025-04-13 17:02:28,971 - INFO - Configuration saved
2025-04-13 17:02:28,979 - INFO - Configuration saved
2025-04-13 17:02:28,987 - INFO - Configuration saved
2025-04-13 17:02:28,995 - INFO - Configuration saved
2025-04-13 17:02:29,003 - INFO - Configuration saved
2025-04-13 17:02:29,011 - INFO - Configuration saved
2025-04-13 17:02:29,500 - INFO - Configuration saved
2025-04-13 17:02:29,508 - INFO - Configuration saved
2025-04-13 17:02:29,515 - INFO - Configuration saved
2025-04-13 17:02:29,523 - INFO - Configuration saved
2025-04-13 17:02:29,531 - INFO - Configuration saved
2025-04-13 17:02:29,539 - INFO - Configuration saved
2025-04-13 17:02:29,547 - INFO - Configuration saved
2025-04-13 17:02:29,556 - INFO - Configuration saved
2025-04-13 17:02:29,563 - INFO - Configuration saved
2025-04-13 17:02:29,571 - INFO - Configuration saved
2025-04-13 17:02:29,579 - INFO - Configuration saved
2025-04-13 17:02:29,587 - INFO - Configuration saved
2025-04-13 17:02:29,595 - INFO - Configuration saved
2025-04-13 17:02:29,603 - INFO - Configuration saved
2025-04-13 17:02:29,611 - INFO - Configuration saved
2025-04-13 17:02:29,635 - INFO - Configuration saved
2025-04-13 17:02:29,643 - INFO - Configuration saved
2025-04-13 17:02:29,651 - INFO - Configuration saved
2025-04-13 17:02:29,659 - INFO - Configuration saved
2025-04-13 17:02:29,667 - INFO - Configuration saved
2025-04-13 17:02:29,675 - INFO - Configuration saved
2025-04-13 17:02:29,683 - INFO - Configuration saved
2025-04-13 17:02:29,691 - INFO - Configuration saved
2025-04-13 17:02:40,599 - INFO - Preview window closed
2025-04-13 17:02:40,605 - ERROR - Preview typing error: 'NoneType' object has no attribute 'config'
2025-04-13 17:03:21,361 - INFO - Typing session ended. Typing Statistics:
WPM: 532.6
Chars: 1903
Duration: 38.1s
2025-04-13 17:04:25,031 - INFO - Typing session ended. Typing Statistics:
WPM: 532.6
Chars: 1903
Duration: 38.1s
2025-04-13 17:06:33,721 - INFO - Configuration saved
2025-04-13 17:06:33,737 - INFO - Application closed
2025-04-13 17:11:25,162 - ERROR - Error updating slider delay_var: 'AutoTyperApp' object has no attribute 'typo_var'
2025-04-13 17:11:25,163 - ERROR - Error updating slider typo_var: 'AutoTyperApp' object has no attribute 'delete_var'
2025-04-13 17:11:25,163 - ERROR - Error updating slider delete_var: 'AutoTyperApp' object has no attribute 'pause_var'
2025-04-13 17:11:25,164 - ERROR - Error updating slider pause_var: 'AutoTyperApp' object has no attribute 'hotkey_entry'
2025-04-13 17:11:25,195 - INFO - Configuration saved
2025-04-13 17:11:25,195 - INFO - Shortcuts updated
2025-04-13 17:11:25,196 - INFO - Configuration saved
2025-04-13 17:11:25,197 - INFO - Configuration saved
2025-04-13 17:11:25,197 - INFO - Configuration saved
2025-04-13 17:11:25,197 - INFO - Configuration saved
2025-04-13 17:11:25,198 - INFO - Configuration saved
2025-04-13 17:11:25,198 - INFO - Window size changed to 800x900
2025-04-13 17:11:25,198 - INFO - Configuration saved
2025-04-13 17:11:25,198 - INFO - Shortcuts updated
2025-04-13 17:11:25,198 - INFO - Configuration loaded
2025-04-13 17:11:36,977 - INFO - Configuration saved
2025-04-13 17:11:36,999 - INFO - Application closed
2025-04-13 17:11:44,923 - ERROR - Error updating slider delay_var: 'AutoTyperApp' object has no attribute 'typo_var'
2025-04-13 17:11:44,923 - ERROR - Error updating slider typo_var: 'AutoTyperApp' object has no attribute 'delete_var'
2025-04-13 17:11:44,925 - ERROR - Error updating slider delete_var: 'AutoTyperApp' object has no attribute 'pause_var'
2025-04-13 17:11:44,926 - ERROR - Error updating slider pause_var: 'AutoTyperApp' object has no attribute 'hotkey_entry'
2025-04-13 17:11:44,958 - INFO - Configuration saved
2025-04-13 17:11:44,958 - INFO - Shortcuts updated
2025-04-13 17:11:44,959 - INFO - Configuration saved
2025-04-13 17:11:44,960 - INFO - Configuration saved
2025-04-13 17:11:44,960 - INFO - Configuration saved
2025-04-13 17:11:44,961 - INFO - Configuration saved
2025-04-13 17:11:44,961 - INFO - Configuration saved
2025-04-13 17:11:44,961 - INFO - Window size changed to 800x900
2025-04-13 17:11:44,961 - INFO - Configuration saved
2025-04-13 17:11:44,961 - INFO - Shortcuts updated
2025-04-13 17:11:44,961 - INFO - Configuration loaded
2025-04-13 17:11:52,203 - INFO - Loaded file: C:/Users/Owner/Desktop/Auto_typer/your_text_file.txt
2025-04-13 17:11:57,487 - INFO - Preview window closed
2025-04-13 17:11:57,489 - ERROR - Preview typing error: 'NoneType' object has no attribute 'config'
2025-04-13 17:12:01,449 - INFO - Configuration saved
2025-04-13 17:12:01,472 - INFO - Application closed
